2025-01-16 09:22:15,721 - INFO - Démarrage du scraping pour 10X Genomics, Inc.
2025-01-16 09:22:15,736 - INFO - Démarrage du scraping pour 1-800-FLOWERS.COM, Inc.
2025-01-16 09:22:15,738 - INFO - Démarrage du scraping pour 11 Bit Studios SA
2025-01-16 09:22:15,792 - INFO - Démarrage du scraping pour 1&1 AG
2025-01-16 09:22:16,375 - INFO - Traitement de 11 Bit Studios SA pour l'année 2023
2025-01-16 09:22:16,472 - INFO - Traitement de 1-800-FLOWERS.COM, Inc. pour l'année 2024
2025-01-16 09:22:16,476 - INFO - Traitement de 1&1 AG pour l'année 2024
2025-01-16 09:22:16,491 - INFO - Traitement de 10X Genomics, Inc. pour l'année 2024
2025-01-16 09:22:21,790 - ERROR - Erreur lors du scraping de 11 Bit Studios SA: Message: 
Stacktrace:
	GetHandleVerifier [0x00007FF67FB780D5+2992373]
	(No symbol) [0x00007FF67F80BFD0]
	(No symbol) [0x00007FF67F6A590A]
	(No symbol) [0x00007FF67F6F926E]
	(No symbol) [0x00007FF67F6F955C]
	(No symbol) [0x00007FF67F7427D7]
	(No symbol) [0x00007FF67F71F3AF]
	(No symbol) [0x00007FF67F73F584]
	(No symbol) [0x00007FF67F71F113]
	(No symbol) [0x00007FF67F6EA918]
	(No symbol) [0x00007FF67F6EBA81]
	GetHandleVerifier [0x00007FF67FBD6A2D+3379789]
	GetHandleVerifier [0x00007FF67FBEC32D+3468109]
	GetHandleVerifier [0x00007FF67FBE0043+3418211]
	GetHandleVerifier [0x00007FF67F96C78B+847787]
	(No symbol) [0x00007FF67F81757F]
	(No symbol) [0x00007FF67F812FC4]
	(No symbol) [0x00007FF67F81315D]
	(No symbol) [0x00007FF67F802979]
	BaseThreadInitThunk [0x00007FFC6D537374+20]
	RtlUserThreadStart [0x00007FFC6E71CC91+33]

2025-01-16 09:22:21,795 - ERROR - Erreur lors du scraping de 1-800-FLOWERS.COM, Inc.: Message: 
Stacktrace:
	GetHandleVerifier [0x00007FF67FB780D5+2992373]
	(No symbol) [0x00007FF67F80BFD0]
	(No symbol) [0x00007FF67F6A590A]
	(No symbol) [0x00007FF67F6F926E]
	(No symbol) [0x00007FF67F6F955C]
	(No symbol) [0x00007FF67F7427D7]
	(No symbol) [0x00007FF67F71F3AF]
	(No symbol) [0x00007FF67F73F584]
	(No symbol) [0x00007FF67F71F113]
	(No symbol) [0x00007FF67F6EA918]
	(No symbol) [0x00007FF67F6EBA81]
	GetHandleVerifier [0x00007FF67FBD6A2D+3379789]
	GetHandleVerifier [0x00007FF67FBEC32D+3468109]
	GetHandleVerifier [0x00007FF67FBE0043+3418211]
	GetHandleVerifier [0x00007FF67F96C78B+847787]
	(No symbol) [0x00007FF67F81757F]
	(No symbol) [0x00007FF67F812FC4]
	(No symbol) [0x00007FF67F81315D]
	(No symbol) [0x00007FF67F802979]
	BaseThreadInitThunk [0x00007FFC6D537374+20]
	RtlUserThreadStart [0x00007FFC6E71CC91+33]

2025-01-16 09:22:21,892 - ERROR - Erreur lors du scraping de 1&1 AG: Message: 
Stacktrace:
	GetHandleVerifier [0x00007FF67FB780D5+2992373]
	(No symbol) [0x00007FF67F80BFD0]
	(No symbol) [0x00007FF67F6A590A]
	(No symbol) [0x00007FF67F6F926E]
	(No symbol) [0x00007FF67F6F955C]
	(No symbol) [0x00007FF67F7427D7]
	(No symbol) [0x00007FF67F71F3AF]
	(No symbol) [0x00007FF67F73F584]
	(No symbol) [0x00007FF67F71F113]
	(No symbol) [0x00007FF67F6EA918]
	(No symbol) [0x00007FF67F6EBA81]
	GetHandleVerifier [0x00007FF67FBD6A2D+3379789]
	GetHandleVerifier [0x00007FF67FBEC32D+3468109]
	GetHandleVerifier [0x00007FF67FBE0043+3418211]
	GetHandleVerifier [0x00007FF67F96C78B+847787]
	(No symbol) [0x00007FF67F81757F]
	(No symbol) [0x00007FF67F812FC4]
	(No symbol) [0x00007FF67F81315D]
	(No symbol) [0x00007FF67F802979]
	BaseThreadInitThunk [0x00007FFC6D537374+20]
	RtlUserThreadStart [0x00007FFC6E71CC91+33]

2025-01-16 09:22:21,892 - ERROR - Erreur lors du scraping de 10X Genomics, Inc.: Message: 
Stacktrace:
	GetHandleVerifier [0x00007FF67FB780D5+2992373]
	(No symbol) [0x00007FF67F80BFD0]
	(No symbol) [0x00007FF67F6A590A]
	(No symbol) [0x00007FF67F6F926E]
	(No symbol) [0x00007FF67F6F955C]
	(No symbol) [0x00007FF67F7427D7]
	(No symbol) [0x00007FF67F71F3AF]
	(No symbol) [0x00007FF67F73F584]
	(No symbol) [0x00007FF67F71F113]
	(No symbol) [0x00007FF67F6EA918]
	(No symbol) [0x00007FF67F6EBA81]
	GetHandleVerifier [0x00007FF67FBD6A2D+3379789]
	GetHandleVerifier [0x00007FF67FBEC32D+3468109]
	GetHandleVerifier [0x00007FF67FBE0043+3418211]
	GetHandleVerifier [0x00007FF67F96C78B+847787]
	(No symbol) [0x00007FF67F81757F]
	(No symbol) [0x00007FF67F812FC4]
	(No symbol) [0x00007FF67F81315D]
	(No symbol) [0x00007FF67F802979]
	BaseThreadInitThunk [0x00007FFC6D537374+20]
	RtlUserThreadStart [0x00007FFC6E71CC91+33]

2025-01-16 09:22:25,204 - INFO - Démarrage du scraping pour 2020 Bulkers Ltd.
2025-01-16 09:22:25,213 - INFO - Démarrage du scraping pour 1st Source Corp.
2025-01-16 09:22:25,321 - INFO - Démarrage du scraping pour 29metals Ltd.
2025-01-16 09:22:25,436 - INFO - Démarrage du scraping pour 23andMe Holding Co.
2025-01-16 09:22:25,766 - INFO - Traitement de 2020 Bulkers Ltd. pour l'année 2023
2025-01-16 09:22:25,951 - INFO - Traitement de 23andMe Holding Co. pour l'année 2023
2025-01-16 09:22:26,190 - INFO - Traitement de 1st Source Corp. pour l'année 2024
2025-01-16 09:22:26,218 - INFO - Traitement de 29metals Ltd. pour l'année 2024
2025-01-16 09:22:31,232 - ERROR - Erreur lors du scraping de 2020 Bulkers Ltd.: Message: 
Stacktrace:
	GetHandleVerifier [0x00007FF67FB780D5+2992373]
	(No symbol) [0x00007FF67F80BFD0]
	(No symbol) [0x00007FF67F6A590A]
	(No symbol) [0x00007FF67F6F926E]
	(No symbol) [0x00007FF67F6F955C]
	(No symbol) [0x00007FF67F7427D7]
	(No symbol) [0x00007FF67F71F3AF]
	(No symbol) [0x00007FF67F73F584]
	(No symbol) [0x00007FF67F71F113]
	(No symbol) [0x00007FF67F6EA918]
	(No symbol) [0x00007FF67F6EBA81]
	GetHandleVerifier [0x00007FF67FBD6A2D+3379789]
	GetHandleVerifier [0x00007FF67FBEC32D+3468109]
	GetHandleVerifier [0x00007FF67FBE0043+3418211]
	GetHandleVerifier [0x00007FF67F96C78B+847787]
	(No symbol) [0x00007FF67F81757F]
	(No symbol) [0x00007FF67F812FC4]
	(No symbol) [0x00007FF67F81315D]
	(No symbol) [0x00007FF67F802979]
	BaseThreadInitThunk [0x00007FFC6D537374+20]
	RtlUserThreadStart [0x00007FFC6E71CC91+33]

2025-01-16 09:22:31,349 - ERROR - Erreur lors du scraping de 23andMe Holding Co.: Message: 
Stacktrace:
	GetHandleVerifier [0x00007FF67FB780D5+2992373]
	(No symbol) [0x00007FF67F80BFD0]
	(No symbol) [0x00007FF67F6A590A]
	(No symbol) [0x00007FF67F6F926E]
	(No symbol) [0x00007FF67F6F955C]
	(No symbol) [0x00007FF67F7427D7]
	(No symbol) [0x00007FF67F71F3AF]
	(No symbol) [0x00007FF67F73F584]
	(No symbol) [0x00007FF67F71F113]
	(No symbol) [0x00007FF67F6EA918]
	(No symbol) [0x00007FF67F6EBA81]
	GetHandleVerifier [0x00007FF67FBD6A2D+3379789]
	GetHandleVerifier [0x00007FF67FBEC32D+3468109]
	GetHandleVerifier [0x00007FF67FBE0043+3418211]
	GetHandleVerifier [0x00007FF67F96C78B+847787]
	(No symbol) [0x00007FF67F81757F]
	(No symbol) [0x00007FF67F812FC4]
	(No symbol) [0x00007FF67F81315D]
	(No symbol) [0x00007FF67F802979]
	BaseThreadInitThunk [0x00007FFC6D537374+20]
	RtlUserThreadStart [0x00007FFC6E71CC91+33]

2025-01-16 09:22:31,434 - ERROR - Erreur lors du scraping de 1st Source Corp.: Message: 
Stacktrace:
	GetHandleVerifier [0x00007FF67FB780D5+2992373]
	(No symbol) [0x00007FF67F80BFD0]
	(No symbol) [0x00007FF67F6A590A]
	(No symbol) [0x00007FF67F6F926E]
	(No symbol) [0x00007FF67F6F955C]
	(No symbol) [0x00007FF67F7427D7]
	(No symbol) [0x00007FF67F71F3AF]
	(No symbol) [0x00007FF67F73F584]
	(No symbol) [0x00007FF67F71F113]
	(No symbol) [0x00007FF67F6EA918]
	(No symbol) [0x00007FF67F6EBA81]
	GetHandleVerifier [0x00007FF67FBD6A2D+3379789]
	GetHandleVerifier [0x00007FF67FBEC32D+3468109]
	GetHandleVerifier [0x00007FF67FBE0043+3418211]
	GetHandleVerifier [0x00007FF67F96C78B+847787]
	(No symbol) [0x00007FF67F81757F]
	(No symbol) [0x00007FF67F812FC4]
	(No symbol) [0x00007FF67F81315D]
	(No symbol) [0x00007FF67F802979]
	BaseThreadInitThunk [0x00007FFC6D537374+20]
	RtlUserThreadStart [0x00007FFC6E71CC91+33]

2025-01-16 09:22:31,468 - ERROR - Erreur lors du scraping de 29metals Ltd.: Message: 
Stacktrace:
	GetHandleVerifier [0x00007FF67FB780D5+2992373]
	(No symbol) [0x00007FF67F80BFD0]
	(No symbol) [0x00007FF67F6A590A]
	(No symbol) [0x00007FF67F6F926E]
	(No symbol) [0x00007FF67F6F955C]
	(No symbol) [0x00007FF67F7427D7]
	(No symbol) [0x00007FF67F71F3AF]
	(No symbol) [0x00007FF67F73F584]
	(No symbol) [0x00007FF67F71F113]
	(No symbol) [0x00007FF67F6EA918]
	(No symbol) [0x00007FF67F6EBA81]
	GetHandleVerifier [0x00007FF67FBD6A2D+3379789]
	GetHandleVerifier [0x00007FF67FBEC32D+3468109]
	GetHandleVerifier [0x00007FF67FBE0043+3418211]
	GetHandleVerifier [0x00007FF67F96C78B+847787]
	(No symbol) [0x00007FF67F81757F]
	(No symbol) [0x00007FF67F812FC4]
	(No symbol) [0x00007FF67F81315D]
	(No symbol) [0x00007FF67F802979]
	BaseThreadInitThunk [0x00007FFC6D537374+20]
	RtlUserThreadStart [0x00007FFC6E71CC91+33]

2025-01-16 09:22:34,906 - INFO - Démarrage du scraping pour 2i Rete Gas SpA
2025-01-16 09:22:34,906 - INFO - Démarrage du scraping pour 2seventy Bio, Inc.
2025-01-16 09:22:35,301 - INFO - Traitement de 2i Rete Gas SpA pour l'année 2024
2025-01-16 09:22:35,395 - INFO - Traitement de 2seventy Bio, Inc. pour l'année 2023
2025-01-16 09:22:40,645 - ERROR - Erreur lors du scraping de 2i Rete Gas SpA: Message: 
Stacktrace:
	GetHandleVerifier [0x00007FF67FB780D5+2992373]
	(No symbol) [0x00007FF67F80BFD0]
	(No symbol) [0x00007FF67F6A590A]
	(No symbol) [0x00007FF67F6F926E]
	(No symbol) [0x00007FF67F6F955C]
	(No symbol) [0x00007FF67F7427D7]
	(No symbol) [0x00007FF67F71F3AF]
	(No symbol) [0x00007FF67F73F584]
	(No symbol) [0x00007FF67F71F113]
	(No symbol) [0x00007FF67F6EA918]
	(No symbol) [0x00007FF67F6EBA81]
	GetHandleVerifier [0x00007FF67FBD6A2D+3379789]
	GetHandleVerifier [0x00007FF67FBEC32D+3468109]
	GetHandleVerifier [0x00007FF67FBE0043+3418211]
	GetHandleVerifier [0x00007FF67F96C78B+847787]
	(No symbol) [0x00007FF67F81757F]
	(No symbol) [0x00007FF67F812FC4]
	(No symbol) [0x00007FF67F81315D]
	(No symbol) [0x00007FF67F802979]
	BaseThreadInitThunk [0x00007FFC6D537374+20]
	RtlUserThreadStart [0x00007FFC6E71CC91+33]

2025-01-16 09:22:40,645 - ERROR - Erreur lors du scraping de 2seventy Bio, Inc.: Message: 
Stacktrace:
	GetHandleVerifier [0x00007FF67FB780D5+2992373]
	(No symbol) [0x00007FF67F80BFD0]
	(No symbol) [0x00007FF67F6A590A]
	(No symbol) [0x00007FF67F6F926E]
	(No symbol) [0x00007FF67F6F955C]
	(No symbol) [0x00007FF67F7427D7]
	(No symbol) [0x00007FF67F71F3AF]
	(No symbol) [0x00007FF67F73F584]
	(No symbol) [0x00007FF67F71F113]
	(No symbol) [0x00007FF67F6EA918]
	(No symbol) [0x00007FF67F6EBA81]
	GetHandleVerifier [0x00007FF67FBD6A2D+3379789]
	GetHandleVerifier [0x00007FF67FBEC32D+3468109]
	GetHandleVerifier [0x00007FF67FBE0043+3418211]
	GetHandleVerifier [0x00007FF67F96C78B+847787]
	(No symbol) [0x00007FF67F81757F]
	(No symbol) [0x00007FF67F812FC4]
	(No symbol) [0x00007FF67F81315D]
	(No symbol) [0x00007FF67F802979]
	BaseThreadInitThunk [0x00007FFC6D537374+20]
	RtlUserThreadStart [0x00007FFC6E71CC91+33]

2025-01-16 09:22:42,743 - INFO - Résultats sauvegardés dans roe_results.csv
2025-01-16 09:24:47,142 - INFO - Démarrage du scraping pour 1-800-FLOWERS.COM, Inc.
2025-01-16 09:24:47,164 - INFO - Démarrage du scraping pour 10X Genomics, Inc.
2025-01-16 09:24:47,185 - INFO - Démarrage du scraping pour 11 Bit Studios SA
2025-01-16 09:24:47,199 - INFO - Démarrage du scraping pour 1&1 AG
2025-01-16 09:24:47,888 - INFO - Traitement de 11 Bit Studios SA pour l'année 2023
2025-01-16 09:24:48,048 - INFO - Traitement de 1-800-FLOWERS.COM, Inc. pour l'année 2024
2025-01-16 09:24:48,068 - INFO - Traitement de 10X Genomics, Inc. pour l'année 2024
2025-01-16 09:24:48,112 - INFO - Traitement de 1&1 AG pour l'année 2024
2025-01-16 09:24:53,225 - ERROR - Erreur lors du scraping de 11 Bit Studios SA: Message: 
Stacktrace:
	GetHandleVerifier [0x00007FF67FB780D5+2992373]
	(No symbol) [0x00007FF67F80BFD0]
	(No symbol) [0x00007FF67F6A590A]
	(No symbol) [0x00007FF67F6F926E]
	(No symbol) [0x00007FF67F6F955C]
	(No symbol) [0x00007FF67F7427D7]
	(No symbol) [0x00007FF67F71F3AF]
	(No symbol) [0x00007FF67F73F584]
	(No symbol) [0x00007FF67F71F113]
	(No symbol) [0x00007FF67F6EA918]
	(No symbol) [0x00007FF67F6EBA81]
	GetHandleVerifier [0x00007FF67FBD6A2D+3379789]
	GetHandleVerifier [0x00007FF67FBEC32D+3468109]
	GetHandleVerifier [0x00007FF67FBE0043+3418211]
	GetHandleVerifier [0x00007FF67F96C78B+847787]
	(No symbol) [0x00007FF67F81757F]
	(No symbol) [0x00007FF67F812FC4]
	(No symbol) [0x00007FF67F81315D]
	(No symbol) [0x00007FF67F802979]
	BaseThreadInitThunk [0x00007FFC6D537374+20]
	RtlUserThreadStart [0x00007FFC6E71CC91+33]

2025-01-16 09:24:53,289 - ERROR - Erreur lors du scraping de 10X Genomics, Inc.: Message: 
Stacktrace:
	GetHandleVerifier [0x00007FF67FB780D5+2992373]
	(No symbol) [0x00007FF67F80BFD0]
	(No symbol) [0x00007FF67F6A590A]
	(No symbol) [0x00007FF67F6F926E]
	(No symbol) [0x00007FF67F6F955C]
	(No symbol) [0x00007FF67F7427D7]
	(No symbol) [0x00007FF67F71F3AF]
	(No symbol) [0x00007FF67F73F584]
	(No symbol) [0x00007FF67F71F113]
	(No symbol) [0x00007FF67F6EA918]
	(No symbol) [0x00007FF67F6EBA81]
	GetHandleVerifier [0x00007FF67FBD6A2D+3379789]
	GetHandleVerifier [0x00007FF67FBEC32D+3468109]
	GetHandleVerifier [0x00007FF67FBE0043+3418211]
	GetHandleVerifier [0x00007FF67F96C78B+847787]
	(No symbol) [0x00007FF67F81757F]
	(No symbol) [0x00007FF67F812FC4]
	(No symbol) [0x00007FF67F81315D]
	(No symbol) [0x00007FF67F802979]
	BaseThreadInitThunk [0x00007FFC6D537374+20]
	RtlUserThreadStart [0x00007FFC6E71CC91+33]

2025-01-16 09:24:53,296 - ERROR - Erreur lors du scraping de 1-800-FLOWERS.COM, Inc.: Message: 
Stacktrace:
	GetHandleVerifier [0x00007FF67FB780D5+2992373]
	(No symbol) [0x00007FF67F80BFD0]
	(No symbol) [0x00007FF67F6A590A]
	(No symbol) [0x00007FF67F6F926E]
	(No symbol) [0x00007FF67F6F955C]
	(No symbol) [0x00007FF67F7427D7]
	(No symbol) [0x00007FF67F71F3AF]
	(No symbol) [0x00007FF67F73F584]
	(No symbol) [0x00007FF67F71F113]
	(No symbol) [0x00007FF67F6EA918]
	(No symbol) [0x00007FF67F6EBA81]
	GetHandleVerifier [0x00007FF67FBD6A2D+3379789]
	GetHandleVerifier [0x00007FF67FBEC32D+3468109]
	GetHandleVerifier [0x00007FF67FBE0043+3418211]
	GetHandleVerifier [0x00007FF67F96C78B+847787]
	(No symbol) [0x00007FF67F81757F]
	(No symbol) [0x00007FF67F812FC4]
	(No symbol) [0x00007FF67F81315D]
	(No symbol) [0x00007FF67F802979]
	BaseThreadInitThunk [0x00007FFC6D537374+20]
	RtlUserThreadStart [0x00007FFC6E71CC91+33]

2025-01-16 09:24:53,337 - ERROR - Erreur lors du scraping de 1&1 AG: Message: 
Stacktrace:
	GetHandleVerifier [0x00007FF67FB780D5+2992373]
	(No symbol) [0x00007FF67F80BFD0]
	(No symbol) [0x00007FF67F6A590A]
	(No symbol) [0x00007FF67F6F926E]
	(No symbol) [0x00007FF67F6F955C]
	(No symbol) [0x00007FF67F7427D7]
	(No symbol) [0x00007FF67F71F3AF]
	(No symbol) [0x00007FF67F73F584]
	(No symbol) [0x00007FF67F71F113]
	(No symbol) [0x00007FF67F6EA918]
	(No symbol) [0x00007FF67F6EBA81]
	GetHandleVerifier [0x00007FF67FBD6A2D+3379789]
	GetHandleVerifier [0x00007FF67FBEC32D+3468109]
	GetHandleVerifier [0x00007FF67FBE0043+3418211]
	GetHandleVerifier [0x00007FF67F96C78B+847787]
	(No symbol) [0x00007FF67F81757F]
	(No symbol) [0x00007FF67F812FC4]
	(No symbol) [0x00007FF67F81315D]
	(No symbol) [0x00007FF67F802979]
	BaseThreadInitThunk [0x00007FFC6D537374+20]
	RtlUserThreadStart [0x00007FFC6E71CC91+33]

2025-01-16 09:24:56,638 - INFO - Démarrage du scraping pour 1st Source Corp.
2025-01-16 09:24:56,685 - INFO - Démarrage du scraping pour 2020 Bulkers Ltd.
2025-01-16 09:24:56,693 - INFO - Démarrage du scraping pour 23andMe Holding Co.
2025-01-16 09:24:56,813 - INFO - Démarrage du scraping pour 29metals Ltd.
2025-01-16 09:24:57,479 - INFO - Traitement de 29metals Ltd. pour l'année 2024
2025-01-16 09:24:57,516 - INFO - Traitement de 1st Source Corp. pour l'année 2024
2025-01-16 09:24:57,579 - INFO - Traitement de 2020 Bulkers Ltd. pour l'année 2023
2025-01-16 09:24:57,601 - INFO - Traitement de 23andMe Holding Co. pour l'année 2023
2025-01-16 09:25:02,772 - ERROR - Erreur lors du scraping de 1st Source Corp.: Message: 
Stacktrace:
	GetHandleVerifier [0x00007FF67FB780D5+2992373]
	(No symbol) [0x00007FF67F80BFD0]
	(No symbol) [0x00007FF67F6A590A]
	(No symbol) [0x00007FF67F6F926E]
	(No symbol) [0x00007FF67F6F955C]
	(No symbol) [0x00007FF67F7427D7]
	(No symbol) [0x00007FF67F71F3AF]
	(No symbol) [0x00007FF67F73F584]
	(No symbol) [0x00007FF67F71F113]
	(No symbol) [0x00007FF67F6EA918]
	(No symbol) [0x00007FF67F6EBA81]
	GetHandleVerifier [0x00007FF67FBD6A2D+3379789]
	GetHandleVerifier [0x00007FF67FBEC32D+3468109]
	GetHandleVerifier [0x00007FF67FBE0043+3418211]
	GetHandleVerifier [0x00007FF67F96C78B+847787]
	(No symbol) [0x00007FF67F81757F]
	(No symbol) [0x00007FF67F812FC4]
	(No symbol) [0x00007FF67F81315D]
	(No symbol) [0x00007FF67F802979]
	BaseThreadInitThunk [0x00007FFC6D537374+20]
	RtlUserThreadStart [0x00007FFC6E71CC91+33]

2025-01-16 09:25:02,827 - ERROR - Erreur lors du scraping de 23andMe Holding Co.: Message: 
Stacktrace:
	GetHandleVerifier [0x00007FF67FB780D5+2992373]
	(No symbol) [0x00007FF67F80BFD0]
	(No symbol) [0x00007FF67F6A590A]
	(No symbol) [0x00007FF67F6F926E]
	(No symbol) [0x00007FF67F6F955C]
	(No symbol) [0x00007FF67F7427D7]
	(No symbol) [0x00007FF67F71F3AF]
	(No symbol) [0x00007FF67F73F584]
	(No symbol) [0x00007FF67F71F113]
	(No symbol) [0x00007FF67F6EA918]
	(No symbol) [0x00007FF67F6EBA81]
	GetHandleVerifier [0x00007FF67FBD6A2D+3379789]
	GetHandleVerifier [0x00007FF67FBEC32D+3468109]
	GetHandleVerifier [0x00007FF67FBE0043+3418211]
	GetHandleVerifier [0x00007FF67F96C78B+847787]
	(No symbol) [0x00007FF67F81757F]
	(No symbol) [0x00007FF67F812FC4]
	(No symbol) [0x00007FF67F81315D]
	(No symbol) [0x00007FF67F802979]
	BaseThreadInitThunk [0x00007FFC6D537374+20]
	RtlUserThreadStart [0x00007FFC6E71CC91+33]

2025-01-16 09:25:02,830 - ERROR - Erreur lors du scraping de 29metals Ltd.: Message: 
Stacktrace:
	GetHandleVerifier [0x00007FF67FB780D5+2992373]
	(No symbol) [0x00007FF67F80BFD0]
	(No symbol) [0x00007FF67F6A590A]
	(No symbol) [0x00007FF67F6F926E]
	(No symbol) [0x00007FF67F6F955C]
	(No symbol) [0x00007FF67F7427D7]
	(No symbol) [0x00007FF67F71F3AF]
	(No symbol) [0x00007FF67F73F584]
	(No symbol) [0x00007FF67F71F113]
	(No symbol) [0x00007FF67F6EA918]
	(No symbol) [0x00007FF67F6EBA81]
	GetHandleVerifier [0x00007FF67FBD6A2D+3379789]
	GetHandleVerifier [0x00007FF67FBEC32D+3468109]
	GetHandleVerifier [0x00007FF67FBE0043+3418211]
	GetHandleVerifier [0x00007FF67F96C78B+847787]
	(No symbol) [0x00007FF67F81757F]
	(No symbol) [0x00007FF67F812FC4]
	(No symbol) [0x00007FF67F81315D]
	(No symbol) [0x00007FF67F802979]
	BaseThreadInitThunk [0x00007FFC6D537374+20]
	RtlUserThreadStart [0x00007FFC6E71CC91+33]

2025-01-16 09:25:02,934 - ERROR - Erreur lors du scraping de 2020 Bulkers Ltd.: Message: 
Stacktrace:
	GetHandleVerifier [0x00007FF67FB780D5+2992373]
	(No symbol) [0x00007FF67F80BFD0]
	(No symbol) [0x00007FF67F6A590A]
	(No symbol) [0x00007FF67F6F926E]
	(No symbol) [0x00007FF67F6F955C]
	(No symbol) [0x00007FF67F7427D7]
	(No symbol) [0x00007FF67F71F3AF]
	(No symbol) [0x00007FF67F73F584]
	(No symbol) [0x00007FF67F71F113]
	(No symbol) [0x00007FF67F6EA918]
	(No symbol) [0x00007FF67F6EBA81]
	GetHandleVerifier [0x00007FF67FBD6A2D+3379789]
	GetHandleVerifier [0x00007FF67FBEC32D+3468109]
	GetHandleVerifier [0x00007FF67FBE0043+3418211]
	GetHandleVerifier [0x00007FF67F96C78B+847787]
	(No symbol) [0x00007FF67F81757F]
	(No symbol) [0x00007FF67F812FC4]
	(No symbol) [0x00007FF67F81315D]
	(No symbol) [0x00007FF67F802979]
	BaseThreadInitThunk [0x00007FFC6D537374+20]
	RtlUserThreadStart [0x00007FFC6E71CC91+33]

2025-01-16 09:25:06,169 - INFO - Démarrage du scraping pour 2seventy Bio, Inc.
2025-01-16 09:25:06,195 - INFO - Démarrage du scraping pour 2i Rete Gas SpA
2025-01-16 09:25:06,735 - INFO - Traitement de 2i Rete Gas SpA pour l'année 2024
2025-01-16 09:25:06,757 - INFO - Traitement de 2seventy Bio, Inc. pour l'année 2023
2025-01-16 09:25:11,979 - ERROR - Erreur lors du scraping de 2i Rete Gas SpA: Message: 
Stacktrace:
	GetHandleVerifier [0x00007FF67FB780D5+2992373]
	(No symbol) [0x00007FF67F80BFD0]
	(No symbol) [0x00007FF67F6A590A]
	(No symbol) [0x00007FF67F6F926E]
	(No symbol) [0x00007FF67F6F955C]
	(No symbol) [0x00007FF67F7427D7]
	(No symbol) [0x00007FF67F71F3AF]
	(No symbol) [0x00007FF67F73F584]
	(No symbol) [0x00007FF67F71F113]
	(No symbol) [0x00007FF67F6EA918]
	(No symbol) [0x00007FF67F6EBA81]
	GetHandleVerifier [0x00007FF67FBD6A2D+3379789]
	GetHandleVerifier [0x00007FF67FBEC32D+3468109]
	GetHandleVerifier [0x00007FF67FBE0043+3418211]
	GetHandleVerifier [0x00007FF67F96C78B+847787]
	(No symbol) [0x00007FF67F81757F]
	(No symbol) [0x00007FF67F812FC4]
	(No symbol) [0x00007FF67F81315D]
	(No symbol) [0x00007FF67F802979]
	BaseThreadInitThunk [0x00007FFC6D537374+20]
	RtlUserThreadStart [0x00007FFC6E71CC91+33]

2025-01-16 09:25:11,984 - ERROR - Erreur lors du scraping de 2seventy Bio, Inc.: Message: 
Stacktrace:
	GetHandleVerifier [0x00007FF67FB780D5+2992373]
	(No symbol) [0x00007FF67F80BFD0]
	(No symbol) [0x00007FF67F6A590A]
	(No symbol) [0x00007FF67F6F926E]
	(No symbol) [0x00007FF67F6F955C]
	(No symbol) [0x00007FF67F7427D7]
	(No symbol) [0x00007FF67F71F3AF]
	(No symbol) [0x00007FF67F73F584]
	(No symbol) [0x00007FF67F71F113]
	(No symbol) [0x00007FF67F6EA918]
	(No symbol) [0x00007FF67F6EBA81]
	GetHandleVerifier [0x00007FF67FBD6A2D+3379789]
	GetHandleVerifier [0x00007FF67FBEC32D+3468109]
	GetHandleVerifier [0x00007FF67FBE0043+3418211]
	GetHandleVerifier [0x00007FF67F96C78B+847787]
	(No symbol) [0x00007FF67F81757F]
	(No symbol) [0x00007FF67F812FC4]
	(No symbol) [0x00007FF67F81315D]
	(No symbol) [0x00007FF67F802979]
	BaseThreadInitThunk [0x00007FFC6D537374+20]
	RtlUserThreadStart [0x00007FFC6E71CC91+33]

2025-01-16 09:25:14,088 - INFO - Résultats sauvegardés dans roe_results.csv
